{"level":"info","time":"2024-07-15T16:30:07+03:00","caller":"C:/Users/mshsv/go/pkg/mod/github.com/gin-gonic/gin@v1.10.0/context.go:185","message":"register email pppppppp"}
{"level":"info","time":"2024-07-15T16:30:31+03:00","caller":"C:/Users/mshsv/go/pkg/mod/github.com/gin-gonic/gin@v1.10.0/context.go:185","message":"login email pppppppp"}
{"level":"info","time":"2024-07-15T16:30:40+03:00","caller":"C:/Users/mshsv/go/pkg/mod/github.com/gin-gonic/gin@v1.10.0/context.go:185","message":"login email pppppppp"}
{"level":"error","time":"2024-07-15T16:30:40+03:00","caller":"C:/Users/mshsv/go/pkg/mod/github.com/gin-gonic/gin@v1.10.0/context.go:185","message":"wrong password, error crypto/bcrypt: hashedPassword is not the hash of the given password"}
{"level":"info","time":"2024-07-15T16:30:40+03:00","caller":"C:/Users/mshsv/go/pkg/mod/github.com/gin-gonic/gin@v1.10.0/recovery.go:102","message":"error"}
{"level":"info","time":"2024-07-15T16:50:41+03:00","caller":"C:/Users/mshsv/go/pkg/mod/github.com/gin-gonic/gin@v1.10.0/context.go:185","message":"get all rackets"}
{"level":"info","time":"2024-07-15T16:53:58+03:00","caller":"C:/Users/mshsv/go/pkg/mod/github.com/gin-gonic/gin@v1.10.0/context.go:185","message":"login email pppppppp"}
{"level":"error","time":"2024-07-15T16:53:58+03:00","caller":"C:/Users/mshsv/go/pkg/mod/github.com/gin-gonic/gin@v1.10.0/context.go:185","message":"wrong password, error crypto/bcrypt: hashedPassword is not the hash of the given password"}
{"level":"info","time":"2024-07-15T16:53:58+03:00","caller":"C:/Users/mshsv/go/pkg/mod/github.com/gin-gonic/gin@v1.10.0/recovery.go:102","message":"error"}
{"level":"info","time":"2024-07-15T16:54:05+03:00","caller":"C:/Users/mshsv/go/pkg/mod/github.com/gin-gonic/gin@v1.10.0/context.go:185","message":"login email pppppppp"}
{"level":"info","time":"2024-07-15T17:08:49+03:00","caller":"C:/Users/mshsv/go/pkg/mod/github.com/gin-gonic/gin@v1.10.0/context.go:185","message":"get all rackets"}
{"level":"info","time":"2024-07-15T17:09:03+03:00","caller":"C:/Users/mshsv/go/pkg/mod/github.com/gin-gonic/gin@v1.10.0/context.go:185","message":"get racket by id 0"}
{"level":"error","time":"2024-07-15T17:09:03+03:00","caller":"C:/Users/mshsv/go/pkg/mod/github.com/gin-gonic/gin@v1.10.0/context.go:185","message":"get racket by id fail, error no rows in result set"}
{"level":"error","time":"2024-07-15T17:09:03+03:00","caller":"C:/Users/mshsv/go/pkg/mod/github.com/gin-gonic/gin@v1.10.0/recovery.go:102","message":"failed to list fullInfoCards: get racket by id fail, error no rows in result set"}
{"level":"info","time":"2024-07-15T17:09:11+03:00","caller":"C:/Users/mshsv/go/pkg/mod/github.com/gin-gonic/gin@v1.10.0/context.go:185","message":"get racket by id 429281"}
{"level":"info","time":"2024-07-15T17:10:38+03:00","caller":"C:/Users/mshsv/go/pkg/mod/github.com/gin-gonic/gin@v1.10.0/context.go:185","message":"get all rackets"}
{"level":"info","time":"2024-07-15T18:45:39+03:00","caller":"C:/Users/mshsv/go/pkg/mod/github.com/gin-gonic/gin@v1.10.0/context.go:185","message":"login email pppppppp"}
{"level":"info","time":"2024-07-15T18:51:10+03:00","caller":"C:/Users/mshsv/go/pkg/mod/github.com/gin-gonic/gin@v1.10.0/context.go:185","message":"get cart, user 0"}
{"level":"error","time":"2024-07-15T18:51:11+03:00","caller":"C:/Users/mshsv/go/pkg/mod/github.com/gin-gonic/gin@v1.10.0/context.go:185","message":"create cart fail, error ОШИБКА: INSERT или UPDATE в таблице \"cart\" нарушает ограничение внешнего ключа \"cart_user_id_fkey\" (SQLSTATE 23503)"}
{"level":"error","time":"2024-07-15T18:51:11+03:00","caller":"C:/Users/mshsv/go/pkg/mod/github.com/gin-gonic/gin@v1.10.0/recovery.go:102","message":"failed to list fullInfoCards: create cart fail, error ОШИБКА: INSERT или UPDATE в таблице \"cart\" нарушает ограничение внешнего ключа \"cart_user_id_fkey\" (SQLSTATE 23503)"}
{"level":"info","time":"2024-07-15T18:51:18+03:00","caller":"C:/Users/mshsv/go/pkg/mod/github.com/gin-gonic/gin@v1.10.0/context.go:185","message":"get cart, user 0"}
{"level":"error","time":"2024-07-15T18:51:18+03:00","caller":"C:/Users/mshsv/go/pkg/mod/github.com/gin-gonic/gin@v1.10.0/context.go:185","message":"create cart fail, error ОШИБКА: INSERT или UPDATE в таблице \"cart\" нарушает ограничение внешнего ключа \"cart_user_id_fkey\" (SQLSTATE 23503)"}
{"level":"error","time":"2024-07-15T18:51:18+03:00","caller":"C:/Users/mshsv/go/pkg/mod/github.com/gin-gonic/gin@v1.10.0/recovery.go:102","message":"failed to list fullInfoCards: create cart fail, error ОШИБКА: INSERT или UPDATE в таблице \"cart\" нарушает ограничение внешнего ключа \"cart_user_id_fkey\" (SQLSTATE 23503)"}
{"level":"info","time":"2024-07-15T18:54:40+03:00","caller":"C:/Users/mshsv/go/pkg/mod/github.com/gin-gonic/gin@v1.10.0/recovery.go:102","message":"userID: 0"}
{"level":"info","time":"2024-07-15T18:54:40+03:00","caller":"C:/Users/mshsv/go/pkg/mod/github.com/gin-gonic/gin@v1.10.0/context.go:185","message":"get cart, user 0"}
{"level":"error","time":"2024-07-15T18:54:40+03:00","caller":"C:/Users/mshsv/go/pkg/mod/github.com/gin-gonic/gin@v1.10.0/context.go:185","message":"create cart fail, error ОШИБКА: INSERT или UPDATE в таблице \"cart\" нарушает ограничение внешнего ключа \"cart_user_id_fkey\" (SQLSTATE 23503)"}
{"level":"error","time":"2024-07-15T18:54:40+03:00","caller":"C:/Users/mshsv/go/pkg/mod/github.com/gin-gonic/gin@v1.10.0/recovery.go:102","message":"failed to list fullInfoCards: create cart fail, error ОШИБКА: INSERT или UPDATE в таблице \"cart\" нарушает ограничение внешнего ключа \"cart_user_id_fkey\" (SQLSTATE 23503)"}
{"level":"info","time":"2024-07-15T18:54:56+03:00","caller":"C:/Users/mshsv/go/pkg/mod/github.com/gin-gonic/gin@v1.10.0/recovery.go:102","message":"userID: 0"}
{"level":"info","time":"2024-07-15T18:54:56+03:00","caller":"C:/Users/mshsv/go/pkg/mod/github.com/gin-gonic/gin@v1.10.0/context.go:185","message":"get cart, user 0"}
{"level":"error","time":"2024-07-15T18:54:56+03:00","caller":"C:/Users/mshsv/go/pkg/mod/github.com/gin-gonic/gin@v1.10.0/context.go:185","message":"create cart fail, error ОШИБКА: INSERT или UPDATE в таблице \"cart\" нарушает ограничение внешнего ключа \"cart_user_id_fkey\" (SQLSTATE 23503)"}
{"level":"error","time":"2024-07-15T18:54:56+03:00","caller":"C:/Users/mshsv/go/pkg/mod/github.com/gin-gonic/gin@v1.10.0/recovery.go:102","message":"failed to list fullInfoCards: create cart fail, error ОШИБКА: INSERT или UPDATE в таблице \"cart\" нарушает ограничение внешнего ключа \"cart_user_id_fkey\" (SQLSTATE 23503)"}
{"level":"info","time":"2024-07-15T18:55:39+03:00","caller":"C:/Users/mshsv/go/pkg/mod/github.com/gin-gonic/gin@v1.10.0/recovery.go:102","message":"userID: :10"}
{"level":"info","time":"2024-07-15T18:55:39+03:00","caller":"C:/Users/mshsv/go/pkg/mod/github.com/gin-gonic/gin@v1.10.0/recovery.go:102","message":"userID: 0"}
{"level":"info","time":"2024-07-15T18:55:39+03:00","caller":"C:/Users/mshsv/go/pkg/mod/github.com/gin-gonic/gin@v1.10.0/context.go:185","message":"get cart, user 0"}
{"level":"error","time":"2024-07-15T18:55:39+03:00","caller":"C:/Users/mshsv/go/pkg/mod/github.com/gin-gonic/gin@v1.10.0/context.go:185","message":"create cart fail, error ОШИБКА: INSERT или UPDATE в таблице \"cart\" нарушает ограничение внешнего ключа \"cart_user_id_fkey\" (SQLSTATE 23503)"}
{"level":"error","time":"2024-07-15T18:55:39+03:00","caller":"C:/Users/mshsv/go/pkg/mod/github.com/gin-gonic/gin@v1.10.0/recovery.go:102","message":"failed to list fullInfoCards: create cart fail, error ОШИБКА: INSERT или UPDATE в таблице \"cart\" нарушает ограничение внешнего ключа \"cart_user_id_fkey\" (SQLSTATE 23503)"}
{"level":"info","time":"2024-07-15T18:57:31+03:00","caller":"C:/Users/mshsv/go/pkg/mod/github.com/gin-gonic/gin@v1.10.0/recovery.go:102","message":"userID: :10"}
{"level":"info","time":"2024-07-15T18:57:31+03:00","caller":"C:/Users/mshsv/go/pkg/mod/github.com/gin-gonic/gin@v1.10.0/recovery.go:102","message":"userID: 0 strconv.Atoi: parsing \":10\": invalid syntax"}
{"level":"info","time":"2024-07-15T18:57:31+03:00","caller":"C:/Users/mshsv/go/pkg/mod/github.com/gin-gonic/gin@v1.10.0/context.go:185","message":"get cart, user 0"}
{"level":"error","time":"2024-07-15T18:57:31+03:00","caller":"C:/Users/mshsv/go/pkg/mod/github.com/gin-gonic/gin@v1.10.0/context.go:185","message":"create cart fail, error ОШИБКА: INSERT или UPDATE в таблице \"cart\" нарушает ограничение внешнего ключа \"cart_user_id_fkey\" (SQLSTATE 23503)"}
{"level":"error","time":"2024-07-15T18:57:31+03:00","caller":"C:/Users/mshsv/go/pkg/mod/github.com/gin-gonic/gin@v1.10.0/recovery.go:102","message":"failed to list fullInfoCards: create cart fail, error ОШИБКА: INSERT или UPDATE в таблице \"cart\" нарушает ограничение внешнего ключа \"cart_user_id_fkey\" (SQLSTATE 23503)"}
{"level":"info","time":"2024-07-15T18:58:21+03:00","caller":"C:/Users/mshsv/go/pkg/mod/github.com/gin-gonic/gin@v1.10.0/recovery.go:102","message":"userID: 0 strconv.Atoi: parsing \":10\": invalid syntax"}
{"level":"info","time":"2024-07-15T18:58:21+03:00","caller":"C:/Users/mshsv/go/pkg/mod/github.com/gin-gonic/gin@v1.10.0/context.go:185","message":"get cart, user 0"}
{"level":"error","time":"2024-07-15T18:58:21+03:00","caller":"C:/Users/mshsv/go/pkg/mod/github.com/gin-gonic/gin@v1.10.0/context.go:185","message":"create cart fail, error ОШИБКА: INSERT или UPDATE в таблице \"cart\" нарушает ограничение внешнего ключа \"cart_user_id_fkey\" (SQLSTATE 23503)"}
{"level":"error","time":"2024-07-15T18:58:21+03:00","caller":"C:/Users/mshsv/go/pkg/mod/github.com/gin-gonic/gin@v1.10.0/recovery.go:102","message":"failed to list fullInfoCards: create cart fail, error ОШИБКА: INSERT или UPDATE в таблице \"cart\" нарушает ограничение внешнего ключа \"cart_user_id_fkey\" (SQLSTATE 23503)"}
{"level":"info","time":"2024-07-15T18:59:07+03:00","caller":"C:/Users/mshsv/go/pkg/mod/github.com/gin-gonic/gin@v1.10.0/recovery.go:102","message":"userID: 0 strconv.Atoi: parsing \":10\": invalid syntax"}
{"level":"info","time":"2024-07-15T18:59:07+03:00","caller":"C:/Users/mshsv/go/pkg/mod/github.com/gin-gonic/gin@v1.10.0/context.go:185","message":"get cart, user 0"}
{"level":"error","time":"2024-07-15T18:59:07+03:00","caller":"C:/Users/mshsv/go/pkg/mod/github.com/gin-gonic/gin@v1.10.0/context.go:185","message":"create cart fail, error ОШИБКА: INSERT или UPDATE в таблице \"cart\" нарушает ограничение внешнего ключа \"cart_user_id_fkey\" (SQLSTATE 23503)"}
{"level":"error","time":"2024-07-15T18:59:07+03:00","caller":"C:/Users/mshsv/go/pkg/mod/github.com/gin-gonic/gin@v1.10.0/recovery.go:102","message":"failed to list fullInfoCards: create cart fail, error ОШИБКА: INSERT или UPDATE в таблице \"cart\" нарушает ограничение внешнего ключа \"cart_user_id_fkey\" (SQLSTATE 23503)"}
{"level":"info","time":"2024-07-15T18:59:31+03:00","caller":"C:/Users/mshsv/go/pkg/mod/github.com/gin-gonic/gin@v1.10.0/recovery.go:102","message":"userID: 0 strconv.Atoi: parsing \"\": invalid syntax"}
{"level":"info","time":"2024-07-15T18:59:31+03:00","caller":"C:/Users/mshsv/go/pkg/mod/github.com/gin-gonic/gin@v1.10.0/context.go:185","message":"get cart, user 0"}
{"level":"error","time":"2024-07-15T18:59:31+03:00","caller":"C:/Users/mshsv/go/pkg/mod/github.com/gin-gonic/gin@v1.10.0/context.go:185","message":"create cart fail, error ОШИБКА: INSERT или UPDATE в таблице \"cart\" нарушает ограничение внешнего ключа \"cart_user_id_fkey\" (SQLSTATE 23503)"}
{"level":"error","time":"2024-07-15T18:59:31+03:00","caller":"C:/Users/mshsv/go/pkg/mod/github.com/gin-gonic/gin@v1.10.0/recovery.go:102","message":"failed to list fullInfoCards: create cart fail, error ОШИБКА: INSERT или UPDATE в таблице \"cart\" нарушает ограничение внешнего ключа \"cart_user_id_fkey\" (SQLSTATE 23503)"}
{"level":"info","time":"2024-07-15T19:01:13+03:00","caller":"C:/Users/mshsv/go/pkg/mod/github.com/gin-gonic/gin@v1.10.0/context.go:185","message":"get all rackets"}
{"level":"info","time":"2024-07-15T19:01:19+03:00","caller":"C:/Users/mshsv/go/pkg/mod/github.com/gin-gonic/gin@v1.10.0/context.go:185","message":"get racket by id 0"}
{"level":"error","time":"2024-07-15T19:01:19+03:00","caller":"C:/Users/mshsv/go/pkg/mod/github.com/gin-gonic/gin@v1.10.0/context.go:185","message":"get racket by id fail, error no rows in result set"}
{"level":"error","time":"2024-07-15T19:01:19+03:00","caller":"C:/Users/mshsv/go/pkg/mod/github.com/gin-gonic/gin@v1.10.0/recovery.go:102","message":"failed to list fullInfoCards: get racket by id fail, error no rows in result set"}
{"level":"info","time":"2024-07-15T19:01:31+03:00","caller":"C:/Users/mshsv/go/pkg/mod/github.com/gin-gonic/gin@v1.10.0/context.go:185","message":"get racket by id 429281"}
{"level":"info","time":"2024-07-15T19:03:21+03:00","caller":"C:/Users/mshsv/go/pkg/mod/github.com/gin-gonic/gin@v1.10.0/context.go:185","message":"get cart, user 10"}
{"level":"info","time":"2024-07-16T17:14:02+03:00","caller":"C:/Users/mshsv/go/pkg/mod/github.com/gin-gonic/gin@v1.10.0/context.go:185","message":"get all rackets"}
{"level":"info","time":"2024-07-16T17:14:30+03:00","caller":"C:/Users/mshsv/go/pkg/mod/github.com/gin-gonic/gin@v1.10.0/context.go:185","message":"login email ppppppp"}
{"level":"error","time":"2024-07-16T17:14:31+03:00","caller":"C:/Users/mshsv/go/pkg/mod/github.com/gin-gonic/gin@v1.10.0/context.go:185","message":"get user by email fail, error no rows in result set"}
{"level":"info","time":"2024-07-16T17:14:31+03:00","caller":"C:/Users/mshsv/go/pkg/mod/github.com/gin-gonic/gin@v1.10.0/recovery.go:102","message":"error"}
{"level":"info","time":"2024-07-16T17:15:19+03:00","caller":"C:/Users/mshsv/go/pkg/mod/github.com/gin-gonic/gin@v1.10.0/context.go:185","message":"login email pppppppp"}
{"level":"info","time":"2024-07-16T17:15:19+03:00","caller":"C:/Users/mshsv/go/pkg/mod/github.com/gin-gonic/gin@v1.10.0/recovery.go:102","message":"error"}
{"level":"info","time":"2024-07-16T17:16:22+03:00","caller":"C:/Users/mshsv/go/pkg/mod/github.com/gin-gonic/gin@v1.10.0/context.go:185","message":"login email pppppppp"}
{"level":"info","time":"2024-07-16T17:16:22+03:00","caller":"C:/Users/mshsv/go/pkg/mod/github.com/gin-gonic/gin@v1.10.0/recovery.go:102","message":"error"}
{"level":"info","time":"2024-07-16T17:17:10+03:00","caller":"C:/Users/mshsv/go/pkg/mod/github.com/gin-gonic/gin@v1.10.0/context.go:185","message":"login email pppppppp"}
{"level":"info","time":"2024-07-16T17:17:11+03:00","caller":"C:/Users/mshsv/go/pkg/mod/github.com/gin-gonic/gin@v1.10.0/recovery.go:102","message":"error"}
{"level":"info","time":"2024-07-16T17:19:57+03:00","caller":"C:/Users/mshsv/go/pkg/mod/github.com/gin-gonic/gin@v1.10.0/context.go:185","message":"login email pppppppp"}
{"level":"info","time":"2024-07-16T17:19:58+03:00","caller":"C:/Users/mshsv/go/pkg/mod/github.com/gin-gonic/gin@v1.10.0/recovery.go:102","message":"error"}
{"level":"info","time":"2024-07-16T17:22:01+03:00","caller":"C:/Users/mshsv/go/pkg/mod/github.com/gin-gonic/gin@v1.10.0/context.go:185","message":"login email pppppppp"}
{"level":"error","time":"2024-07-16T17:22:01+03:00","caller":"C:/Users/mshsv/go/pkg/mod/github.com/gin-gonic/gin@v1.10.0/context.go:185","message":"token fails, error key is of invalid type: ECDSA sign expects *ecdsa.PrivateKey"}
{"level":"info","time":"2024-07-16T17:22:01+03:00","caller":"C:/Users/mshsv/go/pkg/mod/github.com/gin-gonic/gin@v1.10.0/recovery.go:102","message":"error"}
{"level":"info","time":"2024-07-16T17:29:52+03:00","caller":"C:/Users/mshsv/go/pkg/mod/github.com/gin-gonic/gin@v1.10.0/context.go:185","message":"login email pppppppp"}
{"level":"info","time":"2024-07-16T17:32:11+03:00","caller":"C:/Users/mshsv/go/pkg/mod/github.com/gin-gonic/gin@v1.10.0/context.go:185","message":"login email pppppppp"}
{"level":"error","time":"2024-07-16T18:22:37+03:00","caller":"C:/Users/mshsv/go/pkg/mod/github.com/gin-gonic/gin@v1.10.0/context.go:185","message":"token claims are not of type *tokenClaims, error %!s(<nil>)"}
{"level":"info","time":"2024-07-16T18:23:09+03:00","caller":"C:/Users/mshsv/go/pkg/mod/github.com/gin-gonic/gin@v1.10.0/context.go:185","message":"login email pppppppp"}
{"level":"error","time":"2024-07-16T18:28:29+03:00","caller":"C:/Users/mshsv/go/pkg/mod/github.com/gin-gonic/gin@v1.10.0/context.go:185","message":"token claims are not of type *tokenClaims, error %!s(<nil>)"}
{"level":"info","time":"2024-07-16T18:31:45+03:00","caller":"C:/Users/mshsv/go/pkg/mod/github.com/gin-gonic/gin@v1.10.0/context.go:185","message":"UserID: 0"}
{"level":"info","time":"2024-07-16T18:32:46+03:00","caller":"C:/Users/mshsv/go/pkg/mod/github.com/gin-gonic/gin@v1.10.0/context.go:185","message":"UserID: 0"}
{"level":"info","time":"2024-07-16T18:33:23+03:00","caller":"C:/Users/mshsv/go/pkg/mod/github.com/gin-gonic/gin@v1.10.0/context.go:185","message":"login email pppppppp"}
{"level":"info","time":"2024-07-16T18:33:23+03:00","caller":"C:/Users/mshsv/go/pkg/mod/github.com/gin-gonic/gin@v1.10.0/context.go:185","message":"UserID: 15"}
{"level":"info","time":"2024-07-16T18:35:07+03:00","caller":"C:/Users/mshsv/go/pkg/mod/github.com/gin-gonic/gin@v1.10.0/context.go:185","message":"login email pppppppp"}
{"level":"info","time":"2024-07-16T18:35:07+03:00","caller":"C:/Users/mshsv/go/pkg/mod/github.com/gin-gonic/gin@v1.10.0/context.go:185","message":"UserID: 15"}
{"level":"error","time":"2024-07-16T18:36:21+03:00","caller":"C:/Users/mshsv/go/pkg/mod/github.com/gin-gonic/gin@v1.10.0/context.go:185","message":"invalid signing method, error token signature is invalid: signature is invalid"}
{"level":"error","time":"2024-07-16T18:38:07+03:00","caller":"C:/Users/mshsv/go/pkg/mod/github.com/gin-gonic/gin@v1.10.0/context.go:185","message":"invalid signing method, error token signature is invalid: signature is invalid"}
{"level":"error","time":"2024-07-16T18:41:53+03:00","caller":"C:/Users/mshsv/go/pkg/mod/github.com/gin-gonic/gin@v1.10.0/context.go:185","message":"token signature is invalid: signature is invalid"}
{"level":"error","time":"2024-07-16T18:44:34+03:00","caller":"C:/Users/mshsv/go/pkg/mod/github.com/gin-gonic/gin@v1.10.0/context.go:185","message":"token signature is invalid: signature is invalid"}
{"level":"error","time":"2024-07-16T18:45:22+03:00","caller":"C:/Users/mshsv/go/pkg/mod/github.com/gin-gonic/gin@v1.10.0/context.go:185","message":"token signature is invalid: signature is invalid"}
{"level":"info","time":"2024-07-16T18:45:23+03:00","caller":"C:/Users/mshsv/go/pkg/mod/github.com/gin-gonic/gin@v1.10.0/recovery.go:102","message":"user id is: -2"}
{"level":"error","time":"2024-07-16T18:50:21+03:00","caller":"C:/Users/mshsv/go/pkg/mod/github.com/gin-gonic/gin@v1.10.0/context.go:185","message":"token signature is invalid: signature is invalid"}
{"level":"info","time":"2024-07-16T18:50:21+03:00","caller":"C:/Users/mshsv/go/pkg/mod/github.com/gin-gonic/gin@v1.10.0/recovery.go:102","message":"user id is: -2"}
{"level":"info","time":"2024-07-16T18:52:00+03:00","caller":"C:/Users/mshsv/go/pkg/mod/github.com/gin-gonic/gin@v1.10.0/context.go:185","message":"login email pppppppp"}
{"level":"info","time":"2024-07-16T18:52:12+03:00","caller":"C:/Users/mshsv/go/pkg/mod/github.com/gin-gonic/gin@v1.10.0/recovery.go:102","message":"user id is: 15"}
