{"level":"info","time":"2024-06-04T20:11:23+03:00","caller":"C:/Users/mshsv/go/pkg/mod/github.com/rivo/tview@v0.0.0-20240426173458-c766eefb3803/button.go:173","message":"login email admin"}
{"level":"info","time":"2024-06-04T20:11:28+03:00","caller":"C:/Users/mshsv/OneDrive/Рабочий стол/studying/6_sem/SoftwareDesign/src/console/handler/handler.go:145","message":"get all users"}
{"level":"info","time":"2024-06-04T20:11:32+03:00","caller":"C:/Users/mshsv/OneDrive/Рабочий стол/studying/6_sem/SoftwareDesign/src/console/handler/handler.go:150","message":"get all suppliers"}
{"level":"info","time":"2024-06-04T20:15:13+03:00","caller":"C:/Users/mshsv/go/pkg/mod/github.com/rivo/tview@v0.0.0-20240426173458-c766eefb3803/button.go:173","message":"create supplier name ppo"}
{"level":"error","time":"2024-06-04T20:15:13+03:00","caller":"C:/Users/mshsv/go/pkg/mod/github.com/rivo/tview@v0.0.0-20240426173458-c766eefb3803/button.go:173","message":"create fail, error ОШИБКА: новая строка в отношении \"supplier\" нарушает ограничение-проверку \"supplier_phone_check\" (SQLSTATE 23514)"}
{"level":"info","time":"2024-06-04T20:15:15+03:00","caller":"C:/Users/mshsv/OneDrive/Рабочий стол/studying/6_sem/SoftwareDesign/src/console/handler/handler.go:150","message":"get all suppliers"}
{"level":"info","time":"2024-06-04T20:15:38+03:00","caller":"C:/Users/mshsv/go/pkg/mod/github.com/rivo/tview@v0.0.0-20240426173458-c766eefb3803/button.go:173","message":"create supplier name ppo"}
{"level":"info","time":"2024-06-04T20:15:52+03:00","caller":"C:/Users/mshsv/OneDrive/Рабочий стол/studying/6_sem/SoftwareDesign/src/console/handler/handler.go:133","message":"get all suppliers"}
{"level":"error","time":"2024-06-04T20:15:52+03:00","caller":"C:/Users/mshsv/OneDrive/Рабочий стол/studying/6_sem/SoftwareDesign/src/console/handler/handler.go:133","message":"get all suppliers fail, error number of field descriptions must equal number of destinations, got 5 and 4"}
{"level":"info","time":"2024-06-04T20:16:45+03:00","caller":"C:/Users/mshsv/go/pkg/mod/github.com/rivo/tview@v0.0.0-20240426173458-c766eefb3803/button.go:173","message":"login email admin"}
{"level":"info","time":"2024-06-04T20:16:46+03:00","caller":"C:/Users/mshsv/OneDrive/Рабочий стол/studying/6_sem/SoftwareDesign/src/console/handler/handler.go:133","message":"get all suppliers"}
{"level":"error","time":"2024-06-04T20:16:46+03:00","caller":"C:/Users/mshsv/OneDrive/Рабочий стол/studying/6_sem/SoftwareDesign/src/console/handler/handler.go:133","message":"get all suppliers fail, error number of field descriptions must equal number of destinations, got 5 and 4"}
{"level":"info","time":"2024-06-04T20:20:04+03:00","caller":"C:/Users/mshsv/go/pkg/mod/github.com/rivo/tview@v0.0.0-20240426173458-c766eefb3803/button.go:173","message":"login email admin"}
{"level":"info","time":"2024-06-04T20:20:07+03:00","caller":"C:/Users/mshsv/OneDrive/Рабочий стол/studying/6_sem/SoftwareDesign/src/console/handler/handler.go:133","message":"get all suppliers"}
{"level":"info","time":"2024-06-04T20:20:16+03:00","caller":"C:/Users/mshsv/OneDrive/Рабочий стол/studying/6_sem/SoftwareDesign/src/console/handler/handler.go:139","message":"get all rackets"}
{"level":"info","time":"2024-06-04T20:20:38+03:00","caller":"C:/Users/mshsv/OneDrive/Рабочий стол/studying/6_sem/SoftwareDesign/src/console/handler/handler.go:145","message":"get all users"}
{"level":"info","time":"2024-06-04T20:20:55+03:00","caller":"C:/Users/mshsv/OneDrive/Рабочий стол/studying/6_sem/SoftwareDesign/src/console/handler/handler.go:150","message":"get all suppliers"}
{"level":"info","time":"2024-06-04T20:21:04+03:00","caller":"C:/Users/mshsv/go/pkg/mod/github.com/rivo/tview@v0.0.0-20240426173458-c766eefb3803/button.go:173","message":"create racket"}
{"level":"info","time":"2024-06-04T20:21:06+03:00","caller":"C:/Users/mshsv/OneDrive/Рабочий стол/studying/6_sem/SoftwareDesign/src/console/handler/handler.go:139","message":"get all rackets"}
{"level":"info","time":"2024-06-04T20:21:39+03:00","caller":"C:/Users/mshsv/go/pkg/mod/github.com/rivo/tview@v0.0.0-20240426173458-c766eefb3803/button.go:173","message":"register email mmm"}
{"level":"info","time":"2024-06-04T20:21:44+03:00","caller":"C:/Users/mshsv/go/pkg/mod/github.com/rivo/tview@v0.0.0-20240426173458-c766eefb3803/button.go:173","message":"login email mmm"}
{"level":"info","time":"2024-06-04T20:21:46+03:00","caller":"C:/Users/mshsv/OneDrive/Рабочий стол/studying/6_sem/SoftwareDesign/src/console/handler/handler.go:87","message":"get all available rackets"}
{"level":"info","time":"2024-06-04T20:21:48+03:00","caller":"C:/Users/mshsv/OneDrive/Рабочий стол/studying/6_sem/SoftwareDesign/src/console/handler/handler.go:92","message":"get all available rackets"}
{"level":"info","time":"2024-06-04T20:21:52+03:00","caller":"C:/Users/mshsv/go/pkg/mod/github.com/rivo/tview@v0.0.0-20240426173458-c766eefb3803/button.go:173","message":"add racket to user 4, racket 1"}
{"level":"info","time":"2024-06-04T20:21:57+03:00","caller":"C:/Users/mshsv/OneDrive/Рабочий стол/studying/6_sem/SoftwareDesign/src/console/handler/handler.go:103","message":"get cart, user 4"}
{"level":"info","time":"2024-06-04T20:22:36+03:00","caller":"C:/Users/mshsv/OneDrive/Рабочий стол/studying/6_sem/SoftwareDesign/src/console/handler/handler.go:87","message":"get all available rackets"}
{"level":"info","time":"2024-06-04T20:23:03+03:00","caller":"C:/Users/mshsv/OneDrive/Рабочий стол/studying/6_sem/SoftwareDesign/src/console/handler/handler.go:97","message":"get cart, user 4"}
{"level":"info","time":"2024-06-04T20:23:05+03:00","caller":"C:/Users/mshsv/go/pkg/mod/github.com/rivo/tview@v0.0.0-20240426173458-c766eefb3803/button.go:173","message":"add racket to user 4, racket 1"}
{"level":"info","time":"2024-06-04T20:23:06+03:00","caller":"C:/Users/mshsv/OneDrive/Рабочий стол/studying/6_sem/SoftwareDesign/src/console/handler/handler.go:103","message":"get cart, user 4"}
{"level":"info","time":"2024-06-04T20:23:09+03:00","caller":"C:/Users/mshsv/OneDrive/Рабочий стол/studying/6_sem/SoftwareDesign/src/console/handler/handler.go:97","message":"get cart, user 4"}
{"level":"info","time":"2024-06-04T20:23:12+03:00","caller":"C:/Users/mshsv/OneDrive/Рабочий стол/studying/6_sem/SoftwareDesign/src/console/handler/handler.go:92","message":"get all available rackets"}
{"level":"info","time":"2024-06-04T20:23:18+03:00","caller":"C:/Users/mshsv/go/pkg/mod/github.com/rivo/tview@v0.0.0-20240426173458-c766eefb3803/button.go:173","message":"add racket to user 4, racket 1"}
{"level":"info","time":"2024-06-04T20:23:20+03:00","caller":"C:/Users/mshsv/OneDrive/Рабочий стол/studying/6_sem/SoftwareDesign/src/console/handler/handler.go:113","message":"get cart, user 4"}
{"level":"info","time":"2024-06-04T20:23:39+03:00","caller":"C:/Users/mshsv/go/pkg/mod/github.com/rivo/tview@v0.0.0-20240426173458-c766eefb3803/button.go:173","message":"create order user 4"}
{"level":"info","time":"2024-06-04T20:23:40+03:00","caller":"C:/Users/mshsv/OneDrive/Рабочий стол/studying/6_sem/SoftwareDesign/src/console/handler/handler.go:108","message":"get user's orders 4"}
{"level":"info","time":"2024-06-04T20:23:48+03:00","caller":"C:/Users/mshsv/OneDrive/Рабочий стол/studying/6_sem/SoftwareDesign/src/console/handler/handler.go:113","message":"get cart, user 4"}
{"level":"info","time":"2024-06-04T20:23:50+03:00","caller":"C:/Users/mshsv/OneDrive/Рабочий стол/studying/6_sem/SoftwareDesign/src/console/handler/handler.go:103","message":"get cart, user 4"}
{"level":"info","time":"2024-06-04T20:23:54+03:00","caller":"C:/Users/mshsv/OneDrive/Рабочий стол/studying/6_sem/SoftwareDesign/src/console/handler/handler.go:87","message":"get all available rackets"}
{"level":"info","time":"2024-06-04T20:24:13+03:00","caller":"C:/Users/mshsv/OneDrive/Рабочий стол/studying/6_sem/SoftwareDesign/src/console/handler/handler.go:108","message":"get user's orders 4"}
{"level":"info","time":"2024-06-04T20:24:25+03:00","caller":"C:/Users/mshsv/OneDrive/Рабочий стол/studying/6_sem/SoftwareDesign/src/console/handler/handler.go:92","message":"get all available rackets"}
{"level":"info","time":"2024-06-04T20:24:28+03:00","caller":"C:/Users/mshsv/go/pkg/mod/github.com/rivo/tview@v0.0.0-20240426173458-c766eefb3803/button.go:173","message":"add racket to user 4, racket 1"}
{"level":"info","time":"2024-06-04T20:24:31+03:00","caller":"C:/Users/mshsv/OneDrive/Рабочий стол/studying/6_sem/SoftwareDesign/src/console/handler/handler.go:103","message":"get cart, user 4"}
{"level":"info","time":"2024-06-04T20:24:40+03:00","caller":"C:/Users/mshsv/OneDrive/Рабочий стол/studying/6_sem/SoftwareDesign/src/console/handler/handler.go:113","message":"get cart, user 4"}
{"level":"info","time":"2024-06-04T20:24:46+03:00","caller":"C:/Users/mshsv/go/pkg/mod/github.com/rivo/tview@v0.0.0-20240426173458-c766eefb3803/button.go:173","message":"create order user 4"}
{"level":"info","time":"2024-06-04T20:24:48+03:00","caller":"C:/Users/mshsv/OneDrive/Рабочий стол/studying/6_sem/SoftwareDesign/src/console/handler/handler.go:108","message":"get user's orders 4"}
{"level":"info","time":"2024-06-04T20:24:52+03:00","caller":"C:/Users/mshsv/OneDrive/Рабочий стол/studying/6_sem/SoftwareDesign/src/console/handler/handler.go:87","message":"get all available rackets"}
{"level":"info","time":"2024-06-04T20:32:01+03:00","caller":"C:/Users/mshsv/go/pkg/mod/github.com/rivo/tview@v0.0.0-20240426173458-c766eefb3803/button.go:173","message":"login email admin"}
{"level":"info","time":"2024-06-04T20:32:03+03:00","caller":"C:/Users/mshsv/OneDrive/Рабочий стол/studying/6_sem/SoftwareDesign/src/console/handler/handler.go:150","message":"get all suppliers"}
{"level":"info","time":"2024-06-04T20:32:17+03:00","caller":"C:/Users/mshsv/go/pkg/mod/github.com/rivo/tview@v0.0.0-20240426173458-c766eefb3803/button.go:173","message":"create racket"}
{"level":"info","time":"2024-06-04T20:32:28+03:00","caller":"C:/Users/mshsv/go/pkg/mod/github.com/rivo/tview@v0.0.0-20240426173458-c766eefb3803/button.go:173","message":"login email mmm"}
{"level":"info","time":"2024-06-04T20:32:32+03:00","caller":"C:/Users/mshsv/OneDrive/Рабочий стол/studying/6_sem/SoftwareDesign/src/console/handler/handler.go:92","message":"get all available rackets"}
{"level":"info","time":"2024-06-04T20:32:38+03:00","caller":"C:/Users/mshsv/go/pkg/mod/github.com/rivo/tview@v0.0.0-20240426173458-c766eefb3803/button.go:173","message":"add racket to user 4, racket 2"}
{"level":"info","time":"2024-06-04T20:32:40+03:00","caller":"C:/Users/mshsv/OneDrive/Рабочий стол/studying/6_sem/SoftwareDesign/src/console/handler/handler.go:103","message":"get cart, user 4"}
{"level":"info","time":"2024-06-04T20:35:35+03:00","caller":"C:/Users/mshsv/OneDrive/Рабочий стол/studying/6_sem/SoftwareDesign/src/console/handler/handler.go:113","message":"get cart, user 4"}
{"level":"info","time":"2024-06-04T20:35:39+03:00","caller":"C:/Users/mshsv/go/pkg/mod/github.com/rivo/tview@v0.0.0-20240426173458-c766eefb3803/button.go:173","message":"create order user 4"}
{"level":"info","time":"2024-06-04T20:35:40+03:00","caller":"C:/Users/mshsv/OneDrive/Рабочий стол/studying/6_sem/SoftwareDesign/src/console/handler/handler.go:108","message":"get user's orders 4"}
{"level":"info","time":"2024-06-04T20:35:43+03:00","caller":"C:/Users/mshsv/OneDrive/Рабочий стол/studying/6_sem/SoftwareDesign/src/console/handler/handler.go:87","message":"get all available rackets"}
{"level":"info","time":"2024-06-04T20:36:48+03:00","caller":"C:/Users/mshsv/OneDrive/Рабочий стол/studying/6_sem/SoftwareDesign/src/console/handler/handler.go:73","message":"get all available rackets"}
{"level":"info","time":"2024-06-04T20:40:04+03:00","caller":"C:/Users/mshsv/go/pkg/mod/github.com/rivo/tview@v0.0.0-20240426173458-c766eefb3803/button.go:173","message":"login email admin"}
{"level":"info","time":"2024-06-04T20:40:12+03:00","caller":"C:/Users/mshsv/go/pkg/mod/github.com/rivo/tview@v0.0.0-20240426173458-c766eefb3803/button.go:173","message":"create supplier name 12"}
{"level":"error","time":"2024-06-04T20:40:12+03:00","caller":"C:/Users/mshsv/go/pkg/mod/github.com/rivo/tview@v0.0.0-20240426173458-c766eefb3803/button.go:173","message":"create fail, error ОШИБКА: новая строка в отношении \"supplier\" нарушает ограничение-проверку \"supplier_phone_check\" (SQLSTATE 23514)"}
{"level":"info","time":"2024-06-04T20:40:18+03:00","caller":"C:/Users/mshsv/OneDrive/Рабочий стол/studying/6_sem/SoftwareDesign/src/console/handler/handler.go:133","message":"get all suppliers"}
{"level":"info","time":"2024-06-04T20:40:29+03:00","caller":"C:/Users/mshsv/go/pkg/mod/github.com/rivo/tview@v0.0.0-20240426173458-c766eefb3803/button.go:173","message":"create supplier name 12"}
{"level":"info","time":"2024-06-04T20:40:30+03:00","caller":"C:/Users/mshsv/OneDrive/Рабочий стол/studying/6_sem/SoftwareDesign/src/console/handler/handler.go:133","message":"get all suppliers"}
{"level":"info","time":"2024-06-04T20:40:42+03:00","caller":"C:/Users/mshsv/OneDrive/Рабочий стол/studying/6_sem/SoftwareDesign/src/console/handler/handler.go:150","message":"get all suppliers"}
{"level":"info","time":"2024-06-04T20:41:23+03:00","caller":"C:/Users/mshsv/go/pkg/mod/github.com/rivo/tview@v0.0.0-20240426173458-c766eefb3803/button.go:173","message":"create racket"}
{"level":"info","time":"2024-06-04T20:41:25+03:00","caller":"C:/Users/mshsv/OneDrive/Рабочий стол/studying/6_sem/SoftwareDesign/src/console/handler/handler.go:139","message":"get all rackets"}
{"level":"info","time":"2024-06-04T20:59:45+03:00","caller":"C:/Users/mshsv/go/pkg/mod/github.com/rivo/tview@v0.0.0-20240426173458-c766eefb3803/button.go:173","message":"login email mmm"}
{"level":"error","time":"2024-06-04T20:59:45+03:00","caller":"C:/Users/mshsv/go/pkg/mod/github.com/rivo/tview@v0.0.0-20240426173458-c766eefb3803/button.go:173","message":"get user by email fail, error no rows in result set"}
{"level":"info","time":"2024-06-04T20:59:51+03:00","caller":"C:/Users/mshsv/go/pkg/mod/github.com/rivo/tview@v0.0.0-20240426173458-c766eefb3803/button.go:173","message":"login email admin"}
{"level":"info","time":"2024-06-04T20:59:52+03:00","caller":"C:/Users/mshsv/OneDrive/Рабочий стол/studying/6_sem/SoftwareDesign/src/console/handler/handler.go:139","message":"get all rackets"}
{"level":"info","time":"2024-06-04T21:01:28+03:00","caller":"C:/Users/mshsv/go/pkg/mod/github.com/rivo/tview@v0.0.0-20240426173458-c766eefb3803/button.go:173","message":"register email mmm"}
{"level":"info","time":"2024-06-04T21:01:31+03:00","caller":"C:/Users/mshsv/go/pkg/mod/github.com/rivo/tview@v0.0.0-20240426173458-c766eefb3803/button.go:173","message":"login email mmm"}
{"level":"info","time":"2024-06-04T21:01:33+03:00","caller":"C:/Users/mshsv/OneDrive/Рабочий стол/studying/6_sem/SoftwareDesign/src/console/handler/handler.go:92","message":"get all available rackets"}
{"level":"info","time":"2024-06-04T21:01:37+03:00","caller":"C:/Users/mshsv/go/pkg/mod/github.com/rivo/tview@v0.0.0-20240426173458-c766eefb3803/button.go:173","message":"add racket to user 3, racket 1"}
{"level":"info","time":"2024-06-04T21:01:38+03:00","caller":"C:/Users/mshsv/OneDrive/Рабочий стол/studying/6_sem/SoftwareDesign/src/console/handler/handler.go:103","message":"get cart, user 3"}
{"level":"info","time":"2024-06-04T21:01:39+03:00","caller":"C:/Users/mshsv/OneDrive/Рабочий стол/studying/6_sem/SoftwareDesign/src/console/handler/handler.go:108","message":"get user's orders 3"}
{"level":"info","time":"2024-06-04T21:01:45+03:00","caller":"C:/Users/mshsv/OneDrive/Рабочий стол/studying/6_sem/SoftwareDesign/src/console/handler/handler.go:113","message":"get cart, user 3"}
{"level":"info","time":"2024-06-04T21:01:47+03:00","caller":"C:/Users/mshsv/go/pkg/mod/github.com/rivo/tview@v0.0.0-20240426173458-c766eefb3803/button.go:173","message":"create order user 3"}
{"level":"info","time":"2024-06-04T21:01:48+03:00","caller":"C:/Users/mshsv/OneDrive/Рабочий стол/studying/6_sem/SoftwareDesign/src/console/handler/handler.go:108","message":"get user's orders 3"}
{"level":"info","time":"2024-06-04T21:01:54+03:00","caller":"C:/Users/mshsv/OneDrive/Рабочий стол/studying/6_sem/SoftwareDesign/src/console/handler/handler.go:87","message":"get all available rackets"}
{"level":"info","time":"2024-06-04T21:02:18+03:00","caller":"C:/Users/mshsv/OneDrive/Рабочий стол/studying/6_sem/SoftwareDesign/src/console/handler/handler.go:92","message":"get all available rackets"}
{"level":"info","time":"2024-06-04T21:02:20+03:00","caller":"C:/Users/mshsv/go/pkg/mod/github.com/rivo/tview@v0.0.0-20240426173458-c766eefb3803/button.go:173","message":"add racket to user 3, racket 1"}
{"level":"info","time":"2024-06-04T21:02:27+03:00","caller":"C:/Users/mshsv/OneDrive/Рабочий стол/studying/6_sem/SoftwareDesign/src/console/handler/handler.go:103","message":"get cart, user 3"}
{"level":"info","time":"2024-06-04T21:03:12+03:00","caller":"C:/Users/mshsv/OneDrive/Рабочий стол/studying/6_sem/SoftwareDesign/src/console/handler/handler.go:103","message":"get cart, user 3"}
{"level":"info","time":"2024-06-04T21:03:16+03:00","caller":"C:/Users/mshsv/OneDrive/Рабочий стол/studying/6_sem/SoftwareDesign/src/console/handler/handler.go:87","message":"get all available rackets"}
{"level":"info","time":"2024-06-04T21:05:28+03:00","caller":"C:/Users/mshsv/OneDrive/Рабочий стол/studying/6_sem/SoftwareDesign/src/console/handler/handler.go:103","message":"get cart, user 3"}
{"level":"info","time":"2024-06-04T21:10:50+03:00","caller":"C:/Users/mshsv/OneDrive/Рабочий стол/studying/6_sem/SoftwareDesign/src/console/handler/handler.go:113","message":"get cart, user 3"}
{"level":"info","time":"2024-06-04T21:12:29+03:00","caller":"C:/Users/mshsv/go/pkg/mod/github.com/rivo/tview@v0.0.0-20240426173458-c766eefb3803/button.go:173","message":"login email mmm"}
{"level":"info","time":"2024-06-04T21:12:30+03:00","caller":"C:/Users/mshsv/OneDrive/Рабочий стол/studying/6_sem/SoftwareDesign/src/console/handler/handler.go:103","message":"get cart, user 3"}
{"level":"info","time":"2024-06-04T21:16:07+03:00","caller":"C:/Users/mshsv/go/pkg/mod/github.com/rivo/tview@v0.0.0-20240426173458-c766eefb3803/button.go:173","message":"login email mmm"}
{"level":"info","time":"2024-06-04T21:16:10+03:00","caller":"C:/Users/mshsv/OneDrive/Рабочий стол/studying/6_sem/SoftwareDesign/src/console/handler/handler.go:103","message":"get cart, user 3"}
{"level":"info","time":"2024-06-04T21:17:40+03:00","caller":"C:/Users/mshsv/go/pkg/mod/github.com/rivo/tview@v0.0.0-20240426173458-c766eefb3803/button.go:173","message":"login email admin"}
{"level":"info","time":"2024-06-04T21:18:41+03:00","caller":"C:/Users/mshsv/go/pkg/mod/github.com/rivo/tview@v0.0.0-20240426173458-c766eefb3803/button.go:173","message":"update role email admin"}
{"level":"info","time":"2024-06-04T21:18:48+03:00","caller":"C:/Users/mshsv/OneDrive/Рабочий стол/studying/6_sem/SoftwareDesign/src/console/handler/handler.go:145","message":"get all users"}
{"level":"info","time":"2024-06-04T21:19:11+03:00","caller":"C:/Users/mshsv/go/pkg/mod/github.com/rivo/tview@v0.0.0-20240426173458-c766eefb3803/button.go:173","message":"login email admin"}
{"level":"info","time":"2024-06-04T21:20:54+03:00","caller":"C:/Users/mshsv/go/pkg/mod/github.com/rivo/tview@v0.0.0-20240426173458-c766eefb3803/button.go:173","message":"login email admin"}
{"level":"info","time":"2024-06-04T21:20:56+03:00","caller":"C:/Users/mshsv/OneDrive/Рабочий стол/studying/6_sem/SoftwareDesign/src/console/handler/handler.go:180","message":"get all rackets"}
{"level":"info","time":"2024-06-04T21:23:13+03:00","caller":"C:/Users/mshsv/go/pkg/mod/github.com/rivo/tview@v0.0.0-20240426173458-c766eefb3803/button.go:173","message":"login email admin"}
{"level":"info","time":"2024-06-04T21:24:22+03:00","caller":"C:/Users/mshsv/OneDrive/Рабочий стол/studying/6_sem/SoftwareDesign/src/console/handler/handler.go:180","message":"get all rackets"}
{"level":"info","time":"2024-06-04T21:24:34+03:00","caller":"C:/Users/mshsv/go/pkg/mod/github.com/rivo/tview@v0.0.0-20240426173458-c766eefb3803/button.go:173","message":"login email admin"}
{"level":"info","time":"2024-06-04T21:24:47+03:00","caller":"C:/Users/mshsv/OneDrive/Рабочий стол/studying/6_sem/SoftwareDesign/src/console/handler/handler.go:180","message":"get all rackets"}
{"level":"info","time":"2024-06-04T21:24:54+03:00","caller":"C:/Users/mshsv/go/pkg/mod/github.com/rivo/tview@v0.0.0-20240426173458-c766eefb3803/button.go:173","message":"update role email admin"}
{"level":"info","time":"2024-06-04T21:25:03+03:00","caller":"C:/Users/mshsv/go/pkg/mod/github.com/rivo/tview@v0.0.0-20240426173458-c766eefb3803/button.go:173","message":"login email admin"}
{"level":"info","time":"2024-06-04T21:25:04+03:00","caller":"C:/Users/mshsv/OneDrive/Рабочий стол/studying/6_sem/SoftwareDesign/src/console/handler/handler.go:145","message":"get all users"}
{"level":"info","time":"2024-06-04T21:25:17+03:00","caller":"C:/Users/mshsv/OneDrive/Рабочий стол/studying/6_sem/SoftwareDesign/src/console/handler/handler.go:133","message":"get all suppliers"}
{"level":"info","time":"2024-06-04T21:38:51+03:00","caller":"C:/Users/mshsv/go/pkg/mod/github.com/rivo/tview@v0.0.0-20240426173458-c766eefb3803/button.go:173","message":"login email admin"}
{"level":"info","time":"2024-06-04T21:39:01+03:00","caller":"C:/Users/mshsv/go/pkg/mod/github.com/rivo/tview@v0.0.0-20240426173458-c766eefb3803/button.go:173","message":"update role email mmm"}
{"level":"info","time":"2024-06-04T21:39:06+03:00","caller":"C:/Users/mshsv/go/pkg/mod/github.com/rivo/tview@v0.0.0-20240426173458-c766eefb3803/button.go:173","message":"login email mmm"}
{"level":"info","time":"2024-06-04T21:39:11+03:00","caller":"C:/Users/mshsv/OneDrive/Рабочий стол/studying/6_sem/SoftwareDesign/src/console/handler/handler.go:180","message":"get all rackets"}
{"level":"info","time":"2024-06-04T21:39:54+03:00","caller":"C:/Users/mshsv/go/pkg/mod/github.com/rivo/tview@v0.0.0-20240426173458-c766eefb3803/button.go:173","message":"login email mmm"}
{"level":"info","time":"2024-06-04T21:40:00+03:00","caller":"C:/Users/mshsv/OneDrive/Рабочий стол/studying/6_sem/SoftwareDesign/src/console/handler/handler.go:180","message":"get all rackets"}
{"level":"info","time":"2024-06-04T21:40:02+03:00","caller":"C:/Users/mshsv/OneDrive/Рабочий стол/studying/6_sem/SoftwareDesign/src/console/handler/handler.go:186","message":"get all users"}
{"level":"info","time":"2024-06-04T21:40:49+03:00","caller":"C:/Users/mshsv/go/pkg/mod/github.com/rivo/tview@v0.0.0-20240426173458-c766eefb3803/button.go:173","message":"login email mmm"}
{"level":"info","time":"2024-06-04T21:40:53+03:00","caller":"C:/Users/mshsv/OneDrive/Рабочий стол/studying/6_sem/SoftwareDesign/src/console/handler/handler.go:186","message":"get all progressive orders"}
{"level":"info","time":"2024-06-04T21:41:05+03:00","caller":"C:/Users/mshsv/OneDrive/Рабочий стол/studying/6_sem/SoftwareDesign/src/console/handler/handler.go:196","message":"get all rackets"}
{"level":"info","time":"2024-06-04T21:41:44+03:00","caller":"C:/Users/mshsv/OneDrive/Рабочий стол/studying/6_sem/SoftwareDesign/src/console/handler/handler.go:196","message":"get all rackets"}
{"level":"info","time":"2024-06-04T21:42:12+03:00","caller":"C:/Users/mshsv/go/pkg/mod/github.com/rivo/tview@v0.0.0-20240426173458-c766eefb3803/button.go:173","message":"login email mmm"}
{"level":"info","time":"2024-06-04T21:42:19+03:00","caller":"C:/Users/mshsv/OneDrive/Рабочий стол/studying/6_sem/SoftwareDesign/src/console/handler/handler.go:196","message":"get all rackets"}
{"level":"info","time":"2024-06-04T21:49:48+03:00","caller":"C:/Users/mshsv/go/pkg/mod/github.com/rivo/tview@v0.0.0-20240426173458-c766eefb3803/button.go:173","message":"login email mmm"}
{"level":"info","time":"2024-06-04T21:49:49+03:00","caller":"C:/Users/mshsv/OneDrive/Рабочий стол/studying/6_sem/SoftwareDesign/src/console/handler/handler.go:180","message":"get all rackets"}
{"level":"info","time":"2024-06-04T21:49:50+03:00","caller":"C:/Users/mshsv/OneDrive/Рабочий стол/studying/6_sem/SoftwareDesign/src/console/handler/handler.go:186","message":"get all progressive orders"}
{"level":"info","time":"2024-06-04T21:49:52+03:00","caller":"C:/Users/mshsv/OneDrive/Рабочий стол/studying/6_sem/SoftwareDesign/src/console/handler/handler.go:191","message":"get all suppliers"}
{"level":"info","time":"2024-06-04T21:51:20+03:00","caller":"C:/Users/mshsv/go/pkg/mod/github.com/rivo/tview@v0.0.0-20240426173458-c766eefb3803/button.go:173","message":"login email admin"}
{"level":"info","time":"2024-06-04T21:51:24+03:00","caller":"C:/Users/mshsv/OneDrive/Рабочий стол/studying/6_sem/SoftwareDesign/src/console/handler/handler.go:160","message":"get all rackets"}
{"level":"info","time":"2024-06-04T21:51:30+03:00","caller":"C:/Users/mshsv/go/pkg/mod/github.com/rivo/tview@v0.0.0-20240426173458-c766eefb3803/button.go:173","message":"update racket by id 1"}
{"level":"info","time":"2024-06-04T21:51:32+03:00","caller":"C:/Users/mshsv/OneDrive/Рабочий стол/studying/6_sem/SoftwareDesign/src/console/handler/handler.go:139","message":"get all rackets"}
{"level":"info","time":"2024-06-04T21:51:38+03:00","caller":"C:/Users/mshsv/OneDrive/Рабочий стол/studying/6_sem/SoftwareDesign/src/console/handler/handler.go:160","message":"get all rackets"}
{"level":"info","time":"2024-06-04T21:51:41+03:00","caller":"C:/Users/mshsv/go/pkg/mod/github.com/rivo/tview@v0.0.0-20240426173458-c766eefb3803/button.go:173","message":"update racket by id 1"}
{"level":"info","time":"2024-06-04T21:51:43+03:00","caller":"C:/Users/mshsv/OneDrive/Рабочий стол/studying/6_sem/SoftwareDesign/src/console/handler/handler.go:139","message":"get all rackets"}
{"level":"info","time":"2024-06-04T21:52:58+03:00","caller":"C:/Users/mshsv/go/pkg/mod/github.com/rivo/tview@v0.0.0-20240426173458-c766eefb3803/button.go:173","message":"login email admin"}
{"level":"info","time":"2024-06-04T21:53:01+03:00","caller":"C:/Users/mshsv/OneDrive/Рабочий стол/studying/6_sem/SoftwareDesign/src/console/handler/handler.go:160","message":"get all rackets"}
{"level":"info","time":"2024-06-04T21:53:05+03:00","caller":"C:/Users/mshsv/go/pkg/mod/github.com/rivo/tview@v0.0.0-20240426173458-c766eefb3803/button.go:173","message":"update racket by id 1"}
{"level":"info","time":"2024-06-04T21:53:06+03:00","caller":"C:/Users/mshsv/OneDrive/Рабочий стол/studying/6_sem/SoftwareDesign/src/console/handler/handler.go:139","message":"get all rackets"}
{"level":"info","time":"2024-06-04T21:53:09+03:00","caller":"C:/Users/mshsv/OneDrive/Рабочий стол/studying/6_sem/SoftwareDesign/src/console/handler/handler.go:160","message":"get all rackets"}
{"level":"info","time":"2024-06-04T21:53:12+03:00","caller":"C:/Users/mshsv/go/pkg/mod/github.com/rivo/tview@v0.0.0-20240426173458-c766eefb3803/button.go:173","message":"update racket by id 1"}
{"level":"info","time":"2024-06-04T21:53:13+03:00","caller":"C:/Users/mshsv/OneDrive/Рабочий стол/studying/6_sem/SoftwareDesign/src/console/handler/handler.go:139","message":"get all rackets"}
{"level":"info","time":"2024-06-04T21:54:20+03:00","caller":"C:/Users/mshsv/go/pkg/mod/github.com/rivo/tview@v0.0.0-20240426173458-c766eefb3803/button.go:173","message":"login email mmm"}
{"level":"info","time":"2024-06-04T21:54:21+03:00","caller":"C:/Users/mshsv/OneDrive/Рабочий стол/studying/6_sem/SoftwareDesign/src/console/handler/handler.go:186","message":"get all progressive orders"}
{"level":"info","time":"2024-06-04T21:54:22+03:00","caller":"C:/Users/mshsv/OneDrive/Рабочий стол/studying/6_sem/SoftwareDesign/src/console/handler/handler.go:191","message":"get all suppliers"}
{"level":"info","time":"2024-06-04T21:54:27+03:00","caller":"C:/Users/mshsv/OneDrive/Рабочий стол/studying/6_sem/SoftwareDesign/src/console/handler/handler.go:196","message":"get all rackets"}
{"level":"info","time":"2024-06-04T22:14:29+03:00","caller":"C:/Users/mshsv/go/pkg/mod/github.com/rivo/tview@v0.0.0-20240426173458-c766eefb3803/button.go:173","message":"login email mmm"}
{"level":"info","time":"2024-06-04T22:14:32+03:00","caller":"C:/Users/mshsv/OneDrive/Рабочий стол/studying/6_sem/SoftwareDesign/src/console/handler/handler.go:186","message":"get all progressive orders"}
{"level":"info","time":"2024-06-04T22:14:32+03:00","caller":"C:/Users/mshsv/OneDrive/Рабочий стол/studying/6_sem/SoftwareDesign/src/console/handler/handler.go:186","message":"get user by id 3"}
{"level":"info","time":"2024-06-04T22:14:49+03:00","caller":"C:/Users/mshsv/go/pkg/mod/github.com/rivo/tview@v0.0.0-20240426173458-c766eefb3803/button.go:173","message":"cancel order order 1"}
{"level":"error","time":"2024-06-04T22:14:49+03:00","caller":"C:/Users/mshsv/go/pkg/mod/github.com/rivo/tview@v0.0.0-20240426173458-c766eefb3803/button.go:173","message":"update racket fail, error ОШИБКА: столбец \"order_id\" не существует (SQLSTATE 42703)"}
{"level":"info","time":"2024-06-04T22:14:53+03:00","caller":"C:/Users/mshsv/go/pkg/mod/github.com/rivo/tview@v0.0.0-20240426173458-c766eefb3803/button.go:173","message":"cancel order order 1"}
{"level":"error","time":"2024-06-04T22:14:53+03:00","caller":"C:/Users/mshsv/go/pkg/mod/github.com/rivo/tview@v0.0.0-20240426173458-c766eefb3803/button.go:173","message":"update racket fail, error ОШИБКА: столбец \"order_id\" не существует (SQLSTATE 42703)"}
{"level":"info","time":"2024-06-04T22:14:54+03:00","caller":"C:/Users/mshsv/go/pkg/mod/github.com/rivo/tview@v0.0.0-20240426173458-c766eefb3803/button.go:173","message":"cancel order order 1"}
{"level":"error","time":"2024-06-04T22:14:54+03:00","caller":"C:/Users/mshsv/go/pkg/mod/github.com/rivo/tview@v0.0.0-20240426173458-c766eefb3803/button.go:173","message":"update racket fail, error ОШИБКА: столбец \"order_id\" не существует (SQLSTATE 42703)"}
{"level":"info","time":"2024-06-04T22:14:54+03:00","caller":"C:/Users/mshsv/go/pkg/mod/github.com/rivo/tview@v0.0.0-20240426173458-c766eefb3803/button.go:173","message":"cancel order order 1"}
{"level":"error","time":"2024-06-04T22:14:54+03:00","caller":"C:/Users/mshsv/go/pkg/mod/github.com/rivo/tview@v0.0.0-20240426173458-c766eefb3803/button.go:173","message":"update racket fail, error ОШИБКА: столбец \"order_id\" не существует (SQLSTATE 42703)"}
{"level":"info","time":"2024-06-04T22:14:55+03:00","caller":"C:/Users/mshsv/go/pkg/mod/github.com/rivo/tview@v0.0.0-20240426173458-c766eefb3803/button.go:173","message":"cancel order order 1"}
{"level":"error","time":"2024-06-04T22:14:55+03:00","caller":"C:/Users/mshsv/go/pkg/mod/github.com/rivo/tview@v0.0.0-20240426173458-c766eefb3803/button.go:173","message":"update racket fail, error ОШИБКА: столбец \"order_id\" не существует (SQLSTATE 42703)"}
{"level":"info","time":"2024-06-04T22:14:55+03:00","caller":"C:/Users/mshsv/go/pkg/mod/github.com/rivo/tview@v0.0.0-20240426173458-c766eefb3803/button.go:173","message":"cancel order order 1"}
{"level":"error","time":"2024-06-04T22:14:55+03:00","caller":"C:/Users/mshsv/go/pkg/mod/github.com/rivo/tview@v0.0.0-20240426173458-c766eefb3803/button.go:173","message":"update racket fail, error ОШИБКА: столбец \"order_id\" не существует (SQLSTATE 42703)"}
{"level":"info","time":"2024-06-04T22:14:57+03:00","caller":"C:/Users/mshsv/OneDrive/Рабочий стол/studying/6_sem/SoftwareDesign/src/console/handler/handler.go:186","message":"get all progressive orders"}
{"level":"info","time":"2024-06-04T22:14:57+03:00","caller":"C:/Users/mshsv/OneDrive/Рабочий стол/studying/6_sem/SoftwareDesign/src/console/handler/handler.go:186","message":"get user by id 3"}
{"level":"info","time":"2024-06-04T22:17:10+03:00","caller":"C:/Users/mshsv/go/pkg/mod/github.com/rivo/tview@v0.0.0-20240426173458-c766eefb3803/button.go:173","message":"login email mmm"}
{"level":"info","time":"2024-06-04T22:17:56+03:00","caller":"C:/Users/mshsv/OneDrive/Рабочий стол/studying/6_sem/SoftwareDesign/src/console/handler/handler.go:186","message":"get all progressive orders"}
{"level":"info","time":"2024-06-04T22:17:56+03:00","caller":"C:/Users/mshsv/OneDrive/Рабочий стол/studying/6_sem/SoftwareDesign/src/console/handler/handler.go:186","message":"get user by id 3"}
{"level":"info","time":"2024-06-04T22:18:06+03:00","caller":"C:/Users/mshsv/go/pkg/mod/github.com/rivo/tview@v0.0.0-20240426173458-c766eefb3803/button.go:173","message":"cancel order order 1"}
{"level":"error","time":"2024-06-04T22:18:06+03:00","caller":"C:/Users/mshsv/go/pkg/mod/github.com/rivo/tview@v0.0.0-20240426173458-c766eefb3803/button.go:173","message":"update racket fail, error ОШИБКА: столбец \"order_id\" не существует (SQLSTATE 42703)"}
{"level":"info","time":"2024-06-04T22:20:02+03:00","caller":"C:/Users/mshsv/go/pkg/mod/github.com/rivo/tview@v0.0.0-20240426173458-c766eefb3803/button.go:173","message":"login email mmm"}
{"level":"info","time":"2024-06-04T22:20:08+03:00","caller":"C:/Users/mshsv/go/pkg/mod/github.com/rivo/tview@v0.0.0-20240426173458-c766eefb3803/button.go:173","message":"update order order 1"}
{"level":"info","time":"2024-06-04T22:20:10+03:00","caller":"C:/Users/mshsv/OneDrive/Рабочий стол/studying/6_sem/SoftwareDesign/src/console/handler/handler.go:186","message":"get all progressive orders"}
{"level":"info","time":"2024-06-04T22:20:14+03:00","caller":"C:/Users/mshsv/OneDrive/Рабочий стол/studying/6_sem/SoftwareDesign/src/console/handler/handler.go:196","message":"get all rackets"}
{"level":"info","time":"2024-06-04T22:20:26+03:00","caller":"C:/Users/mshsv/go/pkg/mod/github.com/rivo/tview@v0.0.0-20240426173458-c766eefb3803/button.go:173","message":"update order order 1"}
{"level":"info","time":"2024-06-04T22:20:28+03:00","caller":"C:/Users/mshsv/OneDrive/Рабочий стол/studying/6_sem/SoftwareDesign/src/console/handler/handler.go:186","message":"get all progressive orders"}
{"level":"info","time":"2024-06-06T00:12:29+03:00","caller":"C:/Users/mshsv/OneDrive/Рабочий стол/studying/6_sem/SoftwareDesign/src/console/handler/handler.go:73","message":"get all available rackets"}
{"level":"info","time":"2024-06-06T00:12:34+03:00","caller":"C:/Users/mshsv/go/pkg/mod/github.com/rivo/tview@v0.0.0-20240426173458-c766eefb3803/button.go:173","message":"login email "}
{"level":"error","time":"2024-06-06T00:12:34+03:00","caller":"C:/Users/mshsv/go/pkg/mod/github.com/rivo/tview@v0.0.0-20240426173458-c766eefb3803/button.go:173","message":"get user by email fail, error no rows in result set"}
{"level":"info","time":"2024-06-06T00:13:44+03:00","caller":"C:/Users/mshsv/go/pkg/mod/github.com/rivo/tview@v0.0.0-20240426173458-c766eefb3803/button.go:173","message":"login email admin"}
{"level":"info","time":"2024-06-06T00:13:45+03:00","caller":"C:/Users/mshsv/OneDrive/Рабочий стол/studying/6_sem/SoftwareDesign/src/console/handler/handler.go:139","message":"get all rackets"}
{"level":"info","time":"2024-06-06T00:13:46+03:00","caller":"C:/Users/mshsv/OneDrive/Рабочий стол/studying/6_sem/SoftwareDesign/src/console/handler/handler.go:133","message":"get all suppliers"}
{"level":"info","time":"2024-06-06T00:14:01+03:00","caller":"C:/Users/mshsv/go/pkg/mod/github.com/rivo/tview@v0.0.0-20240426173458-c766eefb3803/button.go:173","message":"create supplier name ip"}
{"level":"info","time":"2024-06-06T00:14:02+03:00","caller":"C:/Users/mshsv/OneDrive/Рабочий стол/studying/6_sem/SoftwareDesign/src/console/handler/handler.go:150","message":"get all suppliers"}
{"level":"info","time":"2024-06-06T00:16:04+03:00","caller":"C:/Users/mshsv/go/pkg/mod/github.com/rivo/tview@v0.0.0-20240426173458-c766eefb3803/button.go:173","message":"login email admin"}
{"level":"info","time":"2024-06-06T00:16:06+03:00","caller":"C:/Users/mshsv/OneDrive/Рабочий стол/studying/6_sem/SoftwareDesign/src/console/handler/handler.go:150","message":"get all suppliers"}
{"level":"info","time":"2024-06-06T00:17:05+03:00","caller":"C:/Users/mshsv/go/pkg/mod/github.com/rivo/tview@v0.0.0-20240426173458-c766eefb3803/button.go:173","message":"login email admin"}
{"level":"info","time":"2024-06-06T00:17:08+03:00","caller":"C:/Users/mshsv/OneDrive/Рабочий стол/studying/6_sem/SoftwareDesign/src/console/handler/handler.go:150","message":"get all suppliers"}
{"level":"info","time":"2024-06-06T00:18:47+03:00","caller":"C:/Users/mshsv/go/pkg/mod/github.com/rivo/tview@v0.0.0-20240426173458-c766eefb3803/button.go:173","message":"login email admin"}
{"level":"info","time":"2024-06-06T00:18:49+03:00","caller":"C:/Users/mshsv/OneDrive/Рабочий стол/studying/6_sem/SoftwareDesign/src/console/handler/handler.go:150","message":"get all suppliers"}
{"level":"info","time":"2024-06-06T00:20:08+03:00","caller":"C:/Users/mshsv/go/pkg/mod/github.com/rivo/tview@v0.0.0-20240426173458-c766eefb3803/button.go:173","message":"login email admin"}
{"level":"info","time":"2024-06-06T00:20:12+03:00","caller":"C:/Users/mshsv/OneDrive/Рабочий стол/studying/6_sem/SoftwareDesign/src/console/handler/handler.go:150","message":"get all suppliers"}
{"level":"info","time":"2024-06-06T00:23:18+03:00","caller":"C:/Users/mshsv/go/pkg/mod/github.com/rivo/tview@v0.0.0-20240426173458-c766eefb3803/button.go:173","message":"login email admin"}
{"level":"info","time":"2024-06-06T00:23:25+03:00","caller":"C:/Users/mshsv/OneDrive/Рабочий стол/studying/6_sem/SoftwareDesign/src/console/handler/handler.go:150","message":"get all suppliers"}
{"level":"info","time":"2024-06-06T00:23:39+03:00","caller":"C:/Users/mshsv/go/pkg/mod/github.com/rivo/tview@v0.0.0-20240426173458-c766eefb3803/button.go:173","message":"create racket"}
{"level":"info","time":"2024-06-06T00:23:40+03:00","caller":"C:/Users/mshsv/OneDrive/Рабочий стол/studying/6_sem/SoftwareDesign/src/console/handler/handler.go:139","message":"get all rackets"}
{"level":"info","time":"2024-06-06T00:24:40+03:00","caller":"C:/Users/mshsv/OneDrive/Рабочий стол/studying/6_sem/SoftwareDesign/src/console/handler/handler.go:150","message":"get all suppliers"}
{"level":"info","time":"2024-06-06T00:25:16+03:00","caller":"C:/Users/mshsv/go/pkg/mod/github.com/rivo/tview@v0.0.0-20240426173458-c766eefb3803/button.go:173","message":"login email admin"}
{"level":"info","time":"2024-06-06T01:48:42+03:00","caller":"C:/Users/mshsv/go/pkg/mod/github.com/rivo/tview@v0.0.0-20240426173458-c766eefb3803/button.go:173","message":"login email admin"}
{"level":"info","time":"2024-06-06T01:48:59+03:00","caller":"C:/Users/mshsv/OneDrive/Рабочий стол/studying/6_sem/SoftwareDesign/src/console/handler/handler.go:150","message":"get all suppliers"}
{"level":"info","time":"2024-06-06T01:49:11+03:00","caller":"C:/Users/mshsv/OneDrive/Рабочий стол/studying/6_sem/SoftwareDesign/src/console/handler/handler.go:145","message":"get all users"}
{"level":"info","time":"2024-06-06T01:49:17+03:00","caller":"C:/Users/mshsv/OneDrive/Рабочий стол/studying/6_sem/SoftwareDesign/src/console/handler/handler.go:133","message":"get all suppliers"}
{"level":"info","time":"2024-06-06T08:46:01+03:00","caller":"C:/Users/mshsv/go/pkg/mod/github.com/rivo/tview@v0.0.0-20240426173458-c766eefb3803/button.go:173","message":"login email admin"}
{"level":"info","time":"2024-06-06T08:46:07+03:00","caller":"C:/Users/mshsv/OneDrive/Рабочий стол/studying/6_sem/SoftwareDesign/src/console/handler/handler.go:133","message":"get all suppliers"}
{"level":"info","time":"2024-06-06T08:46:09+03:00","caller":"C:/Users/mshsv/OneDrive/Рабочий стол/studying/6_sem/SoftwareDesign/src/console/handler/handler.go:139","message":"get all rackets"}
{"level":"info","time":"2024-06-06T08:46:10+03:00","caller":"C:/Users/mshsv/OneDrive/Рабочий стол/studying/6_sem/SoftwareDesign/src/console/handler/handler.go:145","message":"get all users"}
{"level":"info","time":"2024-06-06T08:46:15+03:00","caller":"C:/Users/mshsv/OneDrive/Рабочий стол/studying/6_sem/SoftwareDesign/src/console/handler/handler.go:150","message":"get all suppliers"}
{"level":"info","time":"2024-06-06T08:46:22+03:00","caller":"C:/Users/mshsv/OneDrive/Рабочий стол/studying/6_sem/SoftwareDesign/src/console/handler/handler.go:160","message":"get all rackets"}
{"level":"info","time":"2024-06-06T08:52:40+03:00","caller":"C:/Users/mshsv/go/pkg/mod/github.com/rivo/tview@v0.0.0-20240426173458-c766eefb3803/button.go:173","message":"register email m"}
{"level":"info","time":"2024-06-06T08:52:50+03:00","caller":"C:/Users/mshsv/go/pkg/mod/github.com/rivo/tview@v0.0.0-20240426173458-c766eefb3803/button.go:173","message":"login email m"}
{"level":"info","time":"2024-06-06T08:52:53+03:00","caller":"C:/Users/mshsv/OneDrive/Рабочий стол/studying/6_sem/SoftwareDesign/src/console/handler/handler.go:92","message":"get all available rackets"}
{"level":"info","time":"2024-06-06T08:52:57+03:00","caller":"C:/Users/mshsv/OneDrive/Рабочий стол/studying/6_sem/SoftwareDesign/src/console/handler/handler.go:87","message":"get all available rackets"}
{"level":"info","time":"2024-06-06T08:53:04+03:00","caller":"C:/Users/mshsv/go/pkg/mod/github.com/rivo/tview@v0.0.0-20240426173458-c766eefb3803/button.go:173","message":"login email admin"}
{"level":"info","time":"2024-06-06T08:53:06+03:00","caller":"C:/Users/mshsv/OneDrive/Рабочий стол/studying/6_sem/SoftwareDesign/src/console/handler/handler.go:139","message":"get all rackets"}
{"level":"info","time":"2024-06-06T08:53:15+03:00","caller":"C:/Users/mshsv/OneDrive/Рабочий стол/studying/6_sem/SoftwareDesign/src/console/handler/handler.go:160","message":"get all rackets"}
{"level":"info","time":"2024-06-06T08:55:57+03:00","caller":"C:/Users/mshsv/go/pkg/mod/github.com/rivo/tview@v0.0.0-20240426173458-c766eefb3803/button.go:173","message":"login email admin"}
{"level":"info","time":"2024-06-06T08:56:01+03:00","caller":"C:/Users/mshsv/OneDrive/Рабочий стол/studying/6_sem/SoftwareDesign/src/console/handler/handler.go:133","message":"get all suppliers"}
{"level":"info","time":"2024-06-06T08:56:31+03:00","caller":"C:/Users/mshsv/OneDrive/Рабочий стол/studying/6_sem/SoftwareDesign/src/console/handler/handler.go:160","message":"get all rackets"}
{"level":"info","time":"2024-06-06T08:56:35+03:00","caller":"C:/Users/mshsv/go/pkg/mod/github.com/rivo/tview@v0.0.0-20240426173458-c766eefb3803/button.go:173","message":"update racket by id 6"}
{"level":"error","time":"2024-06-06T08:56:35+03:00","caller":"C:/Users/mshsv/go/pkg/mod/github.com/rivo/tview@v0.0.0-20240426173458-c766eefb3803/button.go:173","message":"unavalibale amount of rackets"}
{"level":"info","time":"2024-06-06T08:56:38+03:00","caller":"C:/Users/mshsv/OneDrive/Рабочий стол/studying/6_sem/SoftwareDesign/src/console/handler/handler.go:139","message":"get all rackets"}
{"level":"info","time":"2024-06-06T08:57:05+03:00","caller":"C:/Users/mshsv/OneDrive/Рабочий стол/studying/6_sem/SoftwareDesign/src/console/handler/handler.go:139","message":"get all rackets"}
{"level":"info","time":"2024-06-06T08:58:06+03:00","caller":"C:/Users/mshsv/go/pkg/mod/github.com/rivo/tview@v0.0.0-20240426173458-c766eefb3803/button.go:173","message":"login email admin"}
{"level":"info","time":"2024-06-06T08:58:08+03:00","caller":"C:/Users/mshsv/OneDrive/Рабочий стол/studying/6_sem/SoftwareDesign/src/console/handler/handler.go:160","message":"get all rackets"}
{"level":"info","time":"2024-06-06T08:58:12+03:00","caller":"C:/Users/mshsv/go/pkg/mod/github.com/rivo/tview@v0.0.0-20240426173458-c766eefb3803/button.go:173","message":"update racket by id 6"}
{"level":"error","time":"2024-06-06T08:58:12+03:00","caller":"C:/Users/mshsv/go/pkg/mod/github.com/rivo/tview@v0.0.0-20240426173458-c766eefb3803/button.go:173","message":"unavalibale amount of rackets"}
{"level":"info","time":"2024-06-06T08:58:16+03:00","caller":"C:/Users/mshsv/OneDrive/Рабочий стол/studying/6_sem/SoftwareDesign/src/console/handler/handler.go:139","message":"get all rackets"}
{"level":"info","time":"2024-06-06T09:00:00+03:00","caller":"C:/Users/mshsv/go/pkg/mod/github.com/rivo/tview@v0.0.0-20240426173458-c766eefb3803/button.go:173","message":"login email admin"}
{"level":"info","time":"2024-06-06T09:00:01+03:00","caller":"C:/Users/mshsv/OneDrive/Рабочий стол/studying/6_sem/SoftwareDesign/src/console/handler/handler.go:139","message":"get all rackets"}
{"level":"info","time":"2024-06-06T09:00:04+03:00","caller":"C:/Users/mshsv/OneDrive/Рабочий стол/studying/6_sem/SoftwareDesign/src/console/handler/handler.go:160","message":"get all rackets"}
{"level":"info","time":"2024-06-06T09:00:07+03:00","caller":"C:/Users/mshsv/go/pkg/mod/github.com/rivo/tview@v0.0.0-20240426173458-c766eefb3803/button.go:173","message":"update racket by id 6"}
{"level":"info","time":"2024-06-06T09:00:09+03:00","caller":"C:/Users/mshsv/OneDrive/Рабочий стол/studying/6_sem/SoftwareDesign/src/console/handler/handler.go:139","message":"get all rackets"}
{"level":"info","time":"2024-06-06T09:00:11+03:00","caller":"C:/Users/mshsv/OneDrive/Рабочий стол/studying/6_sem/SoftwareDesign/src/console/handler/handler.go:160","message":"get all rackets"}
{"level":"info","time":"2024-06-06T09:00:25+03:00","caller":"C:/Users/mshsv/go/pkg/mod/github.com/rivo/tview@v0.0.0-20240426173458-c766eefb3803/button.go:173","message":"update racket by id 6"}
{"level":"error","time":"2024-06-06T09:00:25+03:00","caller":"C:/Users/mshsv/go/pkg/mod/github.com/rivo/tview@v0.0.0-20240426173458-c766eefb3803/button.go:173","message":"unavalibale amount of rackets"}
{"level":"info","time":"2024-06-06T09:00:26+03:00","caller":"C:/Users/mshsv/OneDrive/Рабочий стол/studying/6_sem/SoftwareDesign/src/console/handler/handler.go:139","message":"get all rackets"}
